Using GPU
Args in experiment:
[1mBasic Config[0m
  Task Name:          long_term_forecast  Is Training:        1                   
  Model ID:           etth1_96_96_jepa_rawModel:              VideoRWKVJEPA       

[1mData Loader[0m
  Data:               ETTh1               Root Path:          ./dataset/ETT-small/
  Data Path:          ETTh1.csv           Features:           M                   
  Target:             OT                  Freq:               h                   
  Checkpoints:        ./checkpoints/      

[1mForecasting Task[0m
  Seq Len:            96                  Label Len:          48                  
  Pred Len:           96                  Seasonal Patterns:  Monthly             
  Inverse:            0                   

[1mModel Parameters[0m
  Top k:              5                   Num Kernels:        6                   
  Enc In:             7                   Dec In:             7                   
  C Out:              7                   d model:            64                  
  n heads:            8                   e layers:           2                   
  d layers:           1                   d FF:               256                 
  Moving Avg:         25                  Factor:             1                   
  Distil:             1                   Dropout:            0.1                 
  Embed:              timeF               Activation:         gelu                

[1mRun Parameters[0m
  Num Workers:        10                  Itr:                1                   
  Train Epochs:       10                  Batch Size:         128                 
  Patience:           3                   Learning Rate:      0.0003              
  Des:                jepa_raw            Loss:               MSE                 
  Lradj:              type1               Use Amp:            0                   

[1mGPU[0m
  Use GPU:            1                   GPU:                0                   
  Use Multi GPU:      0                   Devices:            0,1,2,3             

[1mDe-stationary Projector Params[0m
  P Hidden Dims:      128, 128            P Hidden Layers:    2                   

Use GPU: cuda:0
🚀 Lazy Loading: VideoRWKVJEPA ...
>>>>>>>start training : long_term_forecast_etth1_96_96_jepa_raw_VideoRWKVJEPA_ETTh1_ftM_sl96_ll48_pl96_dm64_nh8_el2_dl1_df256_expand2_dc4_fc1_ebtimeF_dtTrue_jepa_raw_0>>>>>>>>>>>>>>>>>>>>>>>>>>
train 8449
val 2785
test 2785
Epoch: 1 cost time: 12.586469650268555
Epoch: 1, Steps: 67 | Train Loss: 0.5238501 Vali Loss: 0.9539997 Test Loss: 0.5671153
Validation loss decreased (inf --> 0.954000).  Saving model ...
Updating learning rate to 0.0003
Epoch: 2 cost time: 12.569889068603516
Epoch: 2, Steps: 67 | Train Loss: 0.4277377 Vali Loss: 0.8395671 Test Loss: 0.4741050
Validation loss decreased (0.954000 --> 0.839567).  Saving model ...
Updating learning rate to 0.00015
